<?xml version="1.0" encoding="UTF-8"?>
<testsuite name="com.zpc.siro.test.ShiroTest" tests="1" skipped="0" failures="0" errors="0" timestamp="2018-07-28T13:49:39" hostname="LAPTOP-46AQNJAJ" time="0.05">
  <properties/>
  <testcase name="testAuth" classname="com.zpc.siro.test.ShiroTest" time="0.05"/>
  <system-out><![CDATA[21:49:39.791 [Test worker] DEBUG org.apache.shiro.realm.AuthenticatingRealm - Looked up AuthenticationInfo [test] from doGetAuthenticationInfo
21:49:39.791 [Test worker] DEBUG org.apache.shiro.realm.AuthenticatingRealm - AuthenticationInfo caching is disabled for info [test].  Submitted token: [org.apache.shiro.authc.UsernamePasswordToken - test, rememberMe=false].
21:49:39.791 [Test worker] DEBUG org.apache.shiro.authc.credential.SimpleCredentialsMatcher - Performing credentials equality check for tokenCredentials of type [[C and accountCredentials of type [java.lang.String]
21:49:39.791 [Test worker] DEBUG org.apache.shiro.authc.credential.SimpleCredentialsMatcher - Both credentials arguments can be easily converted to byte arrays.  Performing array equals comparison
21:49:39.791 [Test worker] DEBUG org.apache.shiro.authc.AbstractAuthenticator - Authentication successful for token [org.apache.shiro.authc.UsernamePasswordToken - test, rememberMe=false].  Returned account [test]
21:49:39.791 [Test worker] DEBUG org.apache.shiro.subject.support.DefaultSubjectContext - No SecurityManager available in subject context map.  Falling back to SecurityUtils.getSecurityManager() lookup.
21:49:39.791 [Test worker] DEBUG org.apache.shiro.subject.support.DefaultSubjectContext - No SecurityManager available in subject context map.  Falling back to SecurityUtils.getSecurityManager() lookup.
21:49:39.791 [Test worker] DEBUG org.apache.shiro.session.mgt.AbstractValidatingSessionManager - No sessionValidationScheduler set.  Attempting to create default instance.
21:49:39.807 [Test worker] INFO org.apache.shiro.session.mgt.AbstractValidatingSessionManager - Enabling session validation scheduler...
21:49:39.807 [Test worker] DEBUG org.apache.shiro.session.mgt.DefaultSessionManager - Creating new EIS record for new session instance [org.apache.shiro.session.mgt.SimpleSession,id=null]
21:49:39.807 [Test worker] INFO com.zpc.siro.test.ShiroTest - isAuthed:{}true
21:49:39.807 [Test worker] DEBUG org.apache.shiro.mgt.DefaultSecurityManager - Logging out subject with primary principal test
21:49:39.807 [Test worker] DEBUG org.apache.shiro.session.mgt.AbstractSessionManager - Stopping session with id [986f6065-923b-4669-b4d9-a2cac7cf18bd]
21:49:39.807 [Test worker] INFO com.zpc.siro.test.ShiroTest - isAuthed:{}false
]]></system-out>
  <system-err><![CDATA[]]></system-err>
</testsuite>
